app/build/intermediates/manifest_merge_blame_file/release/manifest-merger-blame-release-report.txt
1<?xml version="1.0" encoding="utf-8"?>
2<manifest xmlns:android="http://schemas.android.com/apk/res/android"
3    package="android.example.com.kotlinmessenger"
4    android:versionCode="1"
5    android:versionName="1.0" >
6
7    <uses-sdk
8        android:minSdkVersion="21"
8-->src\main\AndroidManifest.xml
9        android:targetSdkVersion="29" />
9-->src\main\AndroidManifest.xml
10
11    <uses-feature android:name="android.hardware.camera" />
11-->src\main\AndroidManifest.xml:5:5-6:49
11-->src\main\AndroidManifest.xml:6:9-47
12    <uses-feature android:name="android.hardware.camera.autofocus" />
12-->src\main\AndroidManifest.xml:7:5-8:59
12-->src\main\AndroidManifest.xml:8:9-57
13    <uses-feature android:name="android.hardware.camera.flash" />
13-->src\main\AndroidManifest.xml:9:5-10:55
13-->src\main\AndroidManifest.xml:10:9-53
14
15    <uses-permission android:name="android.permission.CAMERA" />
15-->src\main\AndroidManifest.xml:11:5-65
15-->src\main\AndroidManifest.xml:11:22-62
16    <uses-permission android:name="ANDROID.PERMISSION.READ_EXTERNAL_STORAGE" />
16-->src\main\AndroidManifest.xml:12:5-79
16-->src\main\AndroidManifest.xml:12:22-77
17    <uses-permission android:name="android.permission.WRITE_EXTERNAL_STORAGE" />
17-->src\main\AndroidManifest.xml:13:5-80
17-->src\main\AndroidManifest.xml:13:22-78
18    <uses-permission android:name="android.permission.INTERNET" />
18-->src\main\AndroidManifest.xml:14:5-66
18-->src\main\AndroidManifest.xml:14:22-64
19    <uses-permission android:name="android.permission.READ_CONTACTS" />
19-->src\main\AndroidManifest.xml:15:5-71
19-->src\main\AndroidManifest.xml:15:22-69
20    <uses-permission android:name="android.permission.READ_EXTERNAL_STORAGE" /> <!-- Although the *SdkVersion is captured in gradle build files, this is required for non gradle builds -->
20-->[com.iceteck.silicompressorr:silicompressor:2.2.3] AndroidManifest.xml:11:5-80
20-->[com.iceteck.silicompressorr:silicompressor:2.2.3] AndroidManifest.xml:11:22-77
21    <!-- <uses-sdk android:minSdkVersion="14"/> -->
22    <uses-permission android:name="android.permission.ACCESS_NETWORK_STATE" />
22-->[com.google.firebase:firebase-storage:19.1.1] AndroidManifest.xml:26:5-79
22-->[com.google.firebase:firebase-storage:19.1.1] AndroidManifest.xml:26:22-76
23    <uses-permission android:name="android.permission.WAKE_LOCK" /> <!-- Required by older versions of Google Play services to create IID tokens -->
23-->[com.google.android.gms:play-services-measurement-api:17.2.2] AndroidManifest.xml:24:5-68
23-->[com.google.android.gms:play-services-measurement-api:17.2.2] AndroidManifest.xml:24:22-65
24    <uses-permission android:name="com.google.android.c2dm.permission.RECEIVE" />
24-->[com.google.firebase:firebase-iid:20.0.2] AndroidManifest.xml:26:5-82
24-->[com.google.firebase:firebase-iid:20.0.2] AndroidManifest.xml:26:22-79
25    <uses-permission android:name="com.google.android.finsky.permission.BIND_GET_INSTALL_REFERRER_SERVICE" />
25-->[com.google.android.gms:play-services-measurement:17.2.2] AndroidManifest.xml:26:5-110
25-->[com.google.android.gms:play-services-measurement:17.2.2] AndroidManifest.xml:26:22-107
26
27    <application
27-->src\main\AndroidManifest.xml:17:5-57:19
28        android:allowBackup="true"
28-->src\main\AndroidManifest.xml:18:9-35
29        android:appComponentFactory="androidx.core.app.CoreComponentFactory"
29-->[androidx.core:core:1.1.0] AndroidManifest.xml:24:18-86
30        android:icon="@mipmap/ic_launcher_new"
30-->src\main\AndroidManifest.xml:19:9-47
31        android:label="@string/app_name"
31-->src\main\AndroidManifest.xml:20:9-41
32        android:roundIcon="@mipmap/ic_launcher_new_round"
32-->src\main\AndroidManifest.xml:21:9-58
33        android:supportsRtl="true"
33-->src\main\AndroidManifest.xml:22:9-35
34        android:testOnly="true"
35        android:theme="@style/AppTheme" >
35-->src\main\AndroidManifest.xml:23:9-40
36        <activity android:name="android.example.com.kotlinmessenger.messages.ChatLogActivity" >
36-->src\main\AndroidManifest.xml:24:9-28:20
36-->src\main\AndroidManifest.xml:24:19-59
37            <meta-data
37-->src\main\AndroidManifest.xml:25:13-27:68
38                android:name="android.support.PARENT_ACTIVITY"
38-->src\main\AndroidManifest.xml:26:17-63
39                android:value=".messages.LatestMessagesActivity" />
39-->src\main\AndroidManifest.xml:27:17-65
40        </activity>
41        <activity android:name="android.example.com.kotlinmessenger.messages.NewChatRecyclerView" >
41-->src\main\AndroidManifest.xml:29:9-33:20
41-->src\main\AndroidManifest.xml:29:19-63
42            <meta-data
42-->src\main\AndroidManifest.xml:25:13-27:68
43                android:name="android.support.PARENT_ACTIVITY"
43-->src\main\AndroidManifest.xml:26:17-63
44                android:value=".messages.LatestMessagesActivity" />
44-->src\main\AndroidManifest.xml:27:17-65
45        </activity>
46        <activity android:name="android.example.com.kotlinmessenger.settings.AboutAppActivity" />
46-->src\main\AndroidManifest.xml:34:9-63
46-->src\main\AndroidManifest.xml:34:19-60
47        <activity android:name="android.example.com.kotlinmessenger.messages.LatestMessagesActivity" />
47-->src\main\AndroidManifest.xml:35:9-69
47-->src\main\AndroidManifest.xml:35:19-66
48        <activity
48-->src\main\AndroidManifest.xml:36:9-43:20
49            android:name="android.example.com.kotlinmessenger.startup.SplashActivity"
49-->src\main\AndroidManifest.xml:37:13-51
50            android:theme="@style/Theme.AppCompat.NoActionBar" >
50-->src\main\AndroidManifest.xml:38:13-63
51            <intent-filter>
51-->src\main\AndroidManifest.xml:39:13-42:29
52                <action android:name="android.intent.action.MAIN" />
52-->src\main\AndroidManifest.xml:40:17-69
52-->src\main\AndroidManifest.xml:40:25-66
53
54                <category android:name="android.intent.category.LAUNCHER" />
54-->src\main\AndroidManifest.xml:41:17-77
54-->src\main\AndroidManifest.xml:41:27-74
55            </intent-filter>
56        </activity>
57        <activity android:name="android.example.com.kotlinmessenger.startup.SignInActivity" />
57-->src\main\AndroidManifest.xml:44:9-60
57-->src\main\AndroidManifest.xml:44:19-57
58        <activity android:name="android.example.com.kotlinmessenger.startup.RegisterActivity" />
58-->src\main\AndroidManifest.xml:45:9-62
58-->src\main\AndroidManifest.xml:45:19-59
59
60        <provider
60-->src\main\AndroidManifest.xml:47:9-55:20
61            android:name="androidx.core.content.FileProvider"
61-->src\main\AndroidManifest.xml:49:13-62
62            android:authorities="android.example.com.kotlinmessenger.fileprovider"
62-->src\main\AndroidManifest.xml:48:13-83
63            android:exported="false"
63-->src\main\AndroidManifest.xml:50:13-37
64            android:grantUriPermissions="true" >
64-->src\main\AndroidManifest.xml:51:13-47
65            <meta-data
65-->src\main\AndroidManifest.xml:52:13-54:54
66                android:name="android.support.FILE_PROVIDER_PATHS"
66-->src\main\AndroidManifest.xml:53:17-67
67                android:resource="@xml/file_paths" />
67-->src\main\AndroidManifest.xml:54:17-51
68        </provider>
69
70        <service
70-->[com.google.firebase:firebase-storage-ktx:19.1.1] AndroidManifest.xml:12:9-18:19
71            android:name="com.google.firebase.components.ComponentDiscoveryService"
71-->[com.google.firebase:firebase-storage-ktx:19.1.1] AndroidManifest.xml:13:13-84
72            android:directBootAware="true"
72-->[com.google.firebase:firebase-common:19.3.0] AndroidManifest.xml:34:13-43
73            android:exported="false" >
73-->[com.google.firebase:firebase-storage-ktx:19.1.1] AndroidManifest.xml:14:13-37
74            <meta-data
74-->[com.google.firebase:firebase-storage-ktx:19.1.1] AndroidManifest.xml:15:13-17:85
75                android:name="com.google.firebase.components:com.google.firebase.storage.ktx.FirebaseStorageKtxRegistrar"
75-->[com.google.firebase:firebase-storage-ktx:19.1.1] AndroidManifest.xml:16:17-122
76                android:value="com.google.firebase.components.ComponentRegistrar" />
76-->[com.google.firebase:firebase-storage-ktx:19.1.1] AndroidManifest.xml:17:17-82
77            <meta-data
77-->[com.google.firebase:firebase-database-ktx:19.3.1] AndroidManifest.xml:15:13-17:85
78                android:name="com.google.firebase.components:com.google.firebase.database.ktx.FirebaseDatabaseKtxRegistrar"
78-->[com.google.firebase:firebase-database-ktx:19.3.1] AndroidManifest.xml:16:17-124
79                android:value="com.google.firebase.components.ComponentRegistrar" />
79-->[com.google.firebase:firebase-database-ktx:19.3.1] AndroidManifest.xml:17:17-82
80            <meta-data
80-->[com.google.firebase:firebase-common-ktx:19.3.0] AndroidManifest.xml:15:13-17:85
81                android:name="com.google.firebase.components:com.google.firebase.ktx.FirebaseCommonKtxRegistrar"
81-->[com.google.firebase:firebase-common-ktx:19.3.0] AndroidManifest.xml:16:17-113
82                android:value="com.google.firebase.components.ComponentRegistrar" />
82-->[com.google.firebase:firebase-common-ktx:19.3.0] AndroidManifest.xml:17:17-82
83            <meta-data
83-->[com.google.firebase:firebase-auth:19.2.0] AndroidManifest.xml:36:13-38:85
84                android:name="com.google.firebase.components:com.google.firebase.auth.FirebaseAuthRegistrar"
84-->[com.google.firebase:firebase-auth:19.2.0] AndroidManifest.xml:37:17-109
85                android:value="com.google.firebase.components.ComponentRegistrar" />
85-->[com.google.firebase:firebase-auth:19.2.0] AndroidManifest.xml:38:17-82
86            <meta-data
86-->[com.google.firebase:firebase-storage:19.1.1] AndroidManifest.xml:33:13-35:85
87                android:name="com.google.firebase.components:com.google.firebase.storage.StorageRegistrar"
87-->[com.google.firebase:firebase-storage:19.1.1] AndroidManifest.xml:34:17-107
88                android:value="com.google.firebase.components.ComponentRegistrar" />
88-->[com.google.firebase:firebase-storage:19.1.1] AndroidManifest.xml:35:17-82
89            <meta-data
89-->[com.google.firebase:firebase-database:19.3.1] AndroidManifest.xml:32:13-34:85
90                android:name="com.google.firebase.components:com.google.firebase.database.DatabaseRegistrar"
90-->[com.google.firebase:firebase-database:19.3.1] AndroidManifest.xml:33:17-109
91                android:value="com.google.firebase.components.ComponentRegistrar" />
91-->[com.google.firebase:firebase-database:19.3.1] AndroidManifest.xml:34:17-82
92            <meta-data
92-->[com.google.android.gms:play-services-measurement-api:17.2.2] AndroidManifest.xml:30:13-32:85
93                android:name="com.google.firebase.components:com.google.firebase.analytics.connector.internal.AnalyticsConnectorRegistrar"
93-->[com.google.android.gms:play-services-measurement-api:17.2.2] AndroidManifest.xml:31:17-139
94                android:value="com.google.firebase.components.ComponentRegistrar" />
94-->[com.google.android.gms:play-services-measurement-api:17.2.2] AndroidManifest.xml:32:17-82
95            <meta-data
95-->[com.google.firebase:firebase-iid:20.0.2] AndroidManifest.xml:32:13-34:85
96                android:name="com.google.firebase.components:com.google.firebase.iid.Registrar"
96-->[com.google.firebase:firebase-iid:20.0.2] AndroidManifest.xml:33:17-96
97                android:value="com.google.firebase.components.ComponentRegistrar" />
97-->[com.google.firebase:firebase-iid:20.0.2] AndroidManifest.xml:34:17-82
98        </service>
99
100        <activity
100-->[pub.devrel:easypermissions:3.0.0] AndroidManifest.xml:12:9-16:66
101            android:name="pub.devrel.easypermissions.AppSettingsDialogHolderActivity"
101-->[pub.devrel:easypermissions:3.0.0] AndroidManifest.xml:13:13-86
102            android:exported="false"
102-->[pub.devrel:easypermissions:3.0.0] AndroidManifest.xml:14:13-37
103            android:label=""
103-->[pub.devrel:easypermissions:3.0.0] AndroidManifest.xml:15:13-29
104            android:theme="@style/EasyPermissions.Transparent" />
104-->[pub.devrel:easypermissions:3.0.0] AndroidManifest.xml:16:13-63
105        <activity
105-->[com.google.firebase:firebase-auth:19.2.0] AndroidManifest.xml:24:9-31:50
106            android:name="com.google.firebase.auth.internal.FederatedSignInActivity"
106-->[com.google.firebase:firebase-auth:19.2.0] AndroidManifest.xml:25:13-85
107            android:excludeFromRecents="true"
107-->[com.google.firebase:firebase-auth:19.2.0] AndroidManifest.xml:26:13-46
108            android:exported="true"
108-->[com.google.firebase:firebase-auth:19.2.0] AndroidManifest.xml:27:13-36
109            android:launchMode="singleTask"
109-->[com.google.firebase:firebase-auth:19.2.0] AndroidManifest.xml:28:13-44
110            android:permission="com.google.firebase.auth.api.gms.permission.LAUNCH_FEDERATED_SIGN_IN"
110-->[com.google.firebase:firebase-auth:19.2.0] AndroidManifest.xml:29:13-102
111            android:theme="@android:style/Theme.Translucent.NoTitleBar" />
111-->[com.google.firebase:firebase-auth:19.2.0] AndroidManifest.xml:30:13-72
112
113        <provider
113-->[com.iceteck.silicompressorr:silicompressor:2.2.3] AndroidManifest.xml:18:9-26:20
114            android:name="com.iceteck.silicompressorr.provider.GenericFileProvider"
114-->[com.iceteck.silicompressorr:silicompressor:2.2.3] AndroidManifest.xml:19:13-84
115            android:authorities="android.example.com.kotlinmessenger.iceteck.silicompressor.provider"
115-->[com.iceteck.silicompressorr:silicompressor:2.2.3] AndroidManifest.xml:20:13-83
116            android:exported="false"
116-->[com.iceteck.silicompressorr:silicompressor:2.2.3] AndroidManifest.xml:21:13-37
117            android:grantUriPermissions="true" >
117-->[com.iceteck.silicompressorr:silicompressor:2.2.3] AndroidManifest.xml:22:13-47
118            <meta-data
118-->src\main\AndroidManifest.xml:52:13-54:54
119                android:name="android.support.FILE_PROVIDER_PATHS"
119-->src\main\AndroidManifest.xml:53:17-67
120                android:resource="@xml/provider_paths" />
120-->src\main\AndroidManifest.xml:54:17-51
121        </provider>
122
123        <receiver
123-->[com.google.firebase:firebase-iid:20.0.2] AndroidManifest.xml:37:9-44:20
124            android:name="com.google.firebase.iid.FirebaseInstanceIdReceiver"
124-->[com.google.firebase:firebase-iid:20.0.2] AndroidManifest.xml:38:13-78
125            android:exported="true"
125-->[com.google.firebase:firebase-iid:20.0.2] AndroidManifest.xml:39:13-36
126            android:permission="com.google.android.c2dm.permission.SEND" >
126-->[com.google.firebase:firebase-iid:20.0.2] AndroidManifest.xml:40:13-73
127            <intent-filter>
127-->[com.google.firebase:firebase-iid:20.0.2] AndroidManifest.xml:41:13-43:29
128                <action android:name="com.google.android.c2dm.intent.RECEIVE" />
128-->[com.google.firebase:firebase-iid:20.0.2] AndroidManifest.xml:42:17-81
128-->[com.google.firebase:firebase-iid:20.0.2] AndroidManifest.xml:42:25-78
129            </intent-filter>
130        </receiver>
131
132        <activity
132-->[com.google.android.gms:play-services-base:17.1.0] AndroidManifest.xml:23:9-26:75
133            android:name="com.google.android.gms.common.api.GoogleApiActivity"
133-->[com.google.android.gms:play-services-base:17.1.0] AndroidManifest.xml:24:13-79
134            android:exported="false"
134-->[com.google.android.gms:play-services-base:17.1.0] AndroidManifest.xml:25:13-37
135            android:theme="@android:style/Theme.Translucent.NoTitleBar" />
135-->[com.google.android.gms:play-services-base:17.1.0] AndroidManifest.xml:26:13-72
136
137        <receiver
137-->[com.google.android.gms:play-services-measurement:17.2.2] AndroidManifest.xml:29:9-33:20
138            android:name="com.google.android.gms.measurement.AppMeasurementReceiver"
138-->[com.google.android.gms:play-services-measurement:17.2.2] AndroidManifest.xml:30:13-85
139            android:enabled="true"
139-->[com.google.android.gms:play-services-measurement:17.2.2] AndroidManifest.xml:31:13-35
140            android:exported="false" >
140-->[com.google.android.gms:play-services-measurement:17.2.2] AndroidManifest.xml:32:13-37
141        </receiver>
142        <receiver
142-->[com.google.android.gms:play-services-measurement:17.2.2] AndroidManifest.xml:34:9-42:20
143            android:name="com.google.android.gms.measurement.AppMeasurementInstallReferrerReceiver"
143-->[com.google.android.gms:play-services-measurement:17.2.2] AndroidManifest.xml:35:13-100
144            android:enabled="true"
144-->[com.google.android.gms:play-services-measurement:17.2.2] AndroidManifest.xml:36:13-35
145            android:exported="true"
145-->[com.google.android.gms:play-services-measurement:17.2.2] AndroidManifest.xml:37:13-36
146            android:permission="android.permission.INSTALL_PACKAGES" >
146-->[com.google.android.gms:play-services-measurement:17.2.2] AndroidManifest.xml:38:13-69
147            <intent-filter>
147-->[com.google.android.gms:play-services-measurement:17.2.2] AndroidManifest.xml:39:13-41:29
148                <action android:name="com.android.vending.INSTALL_REFERRER" />
148-->[com.google.android.gms:play-services-measurement:17.2.2] AndroidManifest.xml:40:17-79
148-->[com.google.android.gms:play-services-measurement:17.2.2] AndroidManifest.xml:40:25-76
149            </intent-filter>
150        </receiver>
151
152        <service
152-->[com.google.android.gms:play-services-measurement:17.2.2] AndroidManifest.xml:44:9-47:40
153            android:name="com.google.android.gms.measurement.AppMeasurementService"
153-->[com.google.android.gms:play-services-measurement:17.2.2] AndroidManifest.xml:45:13-84
154            android:enabled="true"
154-->[com.google.android.gms:play-services-measurement:17.2.2] AndroidManifest.xml:46:13-35
155            android:exported="false" />
155-->[com.google.android.gms:play-services-measurement:17.2.2] AndroidManifest.xml:47:13-37
156        <service
156-->[com.google.android.gms:play-services-measurement:17.2.2] AndroidManifest.xml:48:9-52:72
157            android:name="com.google.android.gms.measurement.AppMeasurementJobService"
157-->[com.google.android.gms:play-services-measurement:17.2.2] AndroidManifest.xml:49:13-87
158            android:enabled="true"
158-->[com.google.android.gms:play-services-measurement:17.2.2] AndroidManifest.xml:50:13-35
159            android:exported="false"
159-->[com.google.android.gms:play-services-measurement:17.2.2] AndroidManifest.xml:51:13-37
160            android:permission="android.permission.BIND_JOB_SERVICE" />
160-->[com.google.android.gms:play-services-measurement:17.2.2] AndroidManifest.xml:52:13-69
161
162        <provider
162-->[com.google.firebase:firebase-common:19.3.0] AndroidManifest.xml:26:9-30:39
163            android:name="com.google.firebase.provider.FirebaseInitProvider"
163-->[com.google.firebase:firebase-common:19.3.0] AndroidManifest.xml:27:13-77
164            android:authorities="android.example.com.kotlinmessenger.firebaseinitprovider"
164-->[com.google.firebase:firebase-common:19.3.0] AndroidManifest.xml:28:13-72
165            android:exported="false"
165-->[com.google.firebase:firebase-common:19.3.0] AndroidManifest.xml:29:13-37
166            android:initOrder="100" />
166-->[com.google.firebase:firebase-common:19.3.0] AndroidManifest.xml:30:13-36
167
168        <meta-data
168-->[com.google.android.gms:play-services-basement:17.0.0] AndroidManifest.xml:23:9-25:69
169            android:name="com.google.android.gms.version"
169-->[com.google.android.gms:play-services-basement:17.0.0] AndroidManifest.xml:24:13-58
170            android:value="@integer/google_play_services_version" />
170-->[com.google.android.gms:play-services-basement:17.0.0] AndroidManifest.xml:25:13-66
171    </application>
172
173</manifest>